SF:C:\Projects\insurance-back-mc\MC.Insurance.ApplicationServices\InsuranceManagementService.cs
FN:10,MC.Insurance.Interfaces.Domain.IInsuranceDomain MC.Insurance.ApplicationServices.InsuranceManagementService::get_InsuranceDomain()
FNDA:27,MC.Insurance.Interfaces.Domain.IInsuranceDomain MC.Insurance.ApplicationServices.InsuranceManagementService::get_InsuranceDomain()
DA:11,27
FN:12,System.Void MC.Insurance.ApplicationServices.InsuranceManagementService::.ctor(MC.Insurance.Interfaces.Domain.IInsuranceDomain)
FNDA:9,System.Void MC.Insurance.ApplicationServices.InsuranceManagementService::.ctor(MC.Insurance.Interfaces.Domain.IInsuranceDomain)
DA:13,9
DA:14,9
DA:15,18
DA:16,9
DA:17,9
FN:61,System.Void MC.Insurance.ApplicationServices.InsuranceManagementService/<CreateCustomerInsurance>d__12::MoveNext()
FNDA:1,System.Void MC.Insurance.ApplicationServices.InsuranceManagementService/<CreateCustomerInsurance>d__12::MoveNext()
DA:62,1
DA:63,1
DA:64,1
DA:65,1
FN:31,System.Void MC.Insurance.ApplicationServices.InsuranceManagementService/<CreateInsurance>d__7::MoveNext()
FNDA:1,System.Void MC.Insurance.ApplicationServices.InsuranceManagementService/<CreateInsurance>d__7::MoveNext()
DA:32,1
DA:33,1
DA:34,1
DA:35,1
FN:67,System.Void MC.Insurance.ApplicationServices.InsuranceManagementService/<DeleteCustomerInsurance>d__13::MoveNext()
FNDA:1,System.Void MC.Insurance.ApplicationServices.InsuranceManagementService/<DeleteCustomerInsurance>d__13::MoveNext()
DA:68,1
DA:69,1
DA:70,1
DA:71,1
FN:43,System.Void MC.Insurance.ApplicationServices.InsuranceManagementService/<DeleteInsurance>d__9::MoveNext()
FNDA:1,System.Void MC.Insurance.ApplicationServices.InsuranceManagementService/<DeleteInsurance>d__9::MoveNext()
DA:44,1
DA:45,1
DA:46,1
DA:47,1
FN:49,System.Void MC.Insurance.ApplicationServices.InsuranceManagementService/<GetCustomerInsurances>d__10::MoveNext()
FNDA:1,System.Void MC.Insurance.ApplicationServices.InsuranceManagementService/<GetCustomerInsurances>d__10::MoveNext()
DA:50,1
DA:51,1
DA:52,1
DA:53,1
FN:55,System.Void MC.Insurance.ApplicationServices.InsuranceManagementService/<GetCustomers>d__11::MoveNext()
FNDA:1,System.Void MC.Insurance.ApplicationServices.InsuranceManagementService/<GetCustomers>d__11::MoveNext()
DA:56,1
DA:57,1
DA:58,1
DA:59,1
FN:19,System.Void MC.Insurance.ApplicationServices.InsuranceManagementService/<GetInsurance>d__5::MoveNext()
FNDA:1,System.Void MC.Insurance.ApplicationServices.InsuranceManagementService/<GetInsurance>d__5::MoveNext()
DA:20,1
DA:21,1
DA:22,1
DA:23,1
FN:25,System.Void MC.Insurance.ApplicationServices.InsuranceManagementService/<GetInsurances>d__6::MoveNext()
FNDA:1,System.Void MC.Insurance.ApplicationServices.InsuranceManagementService/<GetInsurances>d__6::MoveNext()
DA:26,1
DA:27,1
DA:28,1
DA:29,1
FN:37,System.Void MC.Insurance.ApplicationServices.InsuranceManagementService/<UpdateInsurance>d__8::MoveNext()
FNDA:1,System.Void MC.Insurance.ApplicationServices.InsuranceManagementService/<UpdateInsurance>d__8::MoveNext()
DA:38,1
DA:39,1
DA:40,1
DA:41,1
LF:42
LH:42
BRF:0
BRH:0
FNF:11
FNH:11
end_of_record
SF:C:\Projects\insurance-back-mc\MC.Insurance.Domain\InsuranceDomain.cs
FN:11,MC.Insurance.Interfaces.Infrastructure.IInsuranceRepository MC.Insurance.Domain.InsuranceDomain::get_InsuranceRepository()
FNDA:18,MC.Insurance.Interfaces.Infrastructure.IInsuranceRepository MC.Insurance.Domain.InsuranceDomain::get_InsuranceRepository()
DA:12,18
FN:20,MC.Insurance.DTO.Insurance MC.Insurance.Domain.InsuranceDomain::AsignCoverage(MC.Insurance.DTO.Insurance)
FNDA:2,MC.Insurance.DTO.Insurance MC.Insurance.Domain.InsuranceDomain::AsignCoverage(MC.Insurance.DTO.Insurance)
DA:21,2
DA:22,2
DA:23,2
DA:24,2
DA:25,2
DA:26,0
DA:27,0
DA:28,0
DA:30,2
DA:31,2
BRDA:22,12,0,2
BRDA:22,12,1,0
FN:83,MC.Insurance.DTO.Insurance MC.Insurance.Domain.InsuranceDomain::UpdateInsuraceId(System.Int32,MC.Insurance.DTO.Insurance)
FNDA:1,MC.Insurance.DTO.Insurance MC.Insurance.Domain.InsuranceDomain::UpdateInsuraceId(System.Int32,MC.Insurance.DTO.Insurance)
DA:84,1
DA:85,1
DA:86,1
DA:87,1
FN:97,MC.Insurance.DTO.CustomerInsurance MC.Insurance.Domain.InsuranceDomain::UpdateValues(System.String,MC.Insurance.DTO.CustomerInsurance)
FNDA:1,MC.Insurance.DTO.CustomerInsurance MC.Insurance.Domain.InsuranceDomain::UpdateValues(System.String,MC.Insurance.DTO.CustomerInsurance)
DA:98,1
DA:99,1
DA:100,1
DA:102,1
DA:103,1
FN:105,MC.Insurance.DTO.Response MC.Insurance.Domain.InsuranceDomain::CreateResponse(MC.Insurance.DTO.Enumerations/StatusCode,System.Object)
FNDA:9,MC.Insurance.DTO.Response MC.Insurance.Domain.InsuranceDomain::CreateResponse(MC.Insurance.DTO.Enumerations/StatusCode,System.Object)
DA:106,9
DA:107,9
DA:108,9
DA:109,9
DA:110,9
DA:111,9
DA:112,9
FN:13,System.Void MC.Insurance.Domain.InsuranceDomain::.ctor(MC.Insurance.Interfaces.Infrastructure.IInsuranceRepository)
FNDA:9,System.Void MC.Insurance.Domain.InsuranceDomain::.ctor(MC.Insurance.Interfaces.Infrastructure.IInsuranceRepository)
DA:14,9
DA:15,9
DA:16,18
DA:17,9
DA:18,9
FN:33,System.Void MC.Insurance.Domain.InsuranceDomain/<DeleteCustomerInsurance>d__6::MoveNext()
FNDA:1,System.Void MC.Insurance.Domain.InsuranceDomain/<DeleteCustomerInsurance>d__6::MoveNext()
DA:34,1
DA:35,1
DA:36,1
DA:37,1
FN:39,System.Void MC.Insurance.Domain.InsuranceDomain/<DeleteInsurance>d__7::MoveNext()
FNDA:1,System.Void MC.Insurance.Domain.InsuranceDomain/<DeleteInsurance>d__7::MoveNext()
DA:40,1
DA:41,1
DA:42,1
DA:43,1
FN:45,System.Void MC.Insurance.Domain.InsuranceDomain/<GetCustomerByID>d__8::MoveNext()
FNDA:1,System.Void MC.Insurance.Domain.InsuranceDomain/<GetCustomerByID>d__8::MoveNext()
DA:46,1
DA:47,1
DA:48,1
DA:49,1
FN:51,System.Void MC.Insurance.Domain.InsuranceDomain/<GetCustomers>d__9::MoveNext()
FNDA:1,System.Void MC.Insurance.Domain.InsuranceDomain/<GetCustomers>d__9::MoveNext()
DA:52,1
DA:53,1
DA:54,1
DA:55,1
FN:57,System.Void MC.Insurance.Domain.InsuranceDomain/<GetInsuranceByID>d__10::MoveNext()
FNDA:1,System.Void MC.Insurance.Domain.InsuranceDomain/<GetInsuranceByID>d__10::MoveNext()
DA:58,1
DA:59,1
DA:60,1
DA:61,1
FN:63,System.Void MC.Insurance.Domain.InsuranceDomain/<GetInsurances>d__11::MoveNext()
FNDA:1,System.Void MC.Insurance.Domain.InsuranceDomain/<GetInsurances>d__11::MoveNext()
DA:64,1
DA:65,1
DA:66,1
DA:67,1
FN:69,System.Void MC.Insurance.Domain.InsuranceDomain/<InsertCustomerInsurance>d__12::MoveNext()
FNDA:1,System.Void MC.Insurance.Domain.InsuranceDomain/<InsertCustomerInsurance>d__12::MoveNext()
DA:70,1
DA:71,1
DA:72,1
DA:73,1
DA:74,1
FN:76,System.Void MC.Insurance.Domain.InsuranceDomain/<InsertInsurance>d__13::MoveNext()
FNDA:1,System.Void MC.Insurance.Domain.InsuranceDomain/<InsertInsurance>d__13::MoveNext()
DA:77,1
DA:78,1
DA:79,1
DA:80,1
DA:81,1
FN:89,System.Void MC.Insurance.Domain.InsuranceDomain/<UpdateInsurance>d__15::MoveNext()
FNDA:1,System.Void MC.Insurance.Domain.InsuranceDomain/<UpdateInsurance>d__15::MoveNext()
DA:90,1
DA:91,1
DA:92,1
DA:93,1
DA:94,1
DA:95,1
LF:72
LH:69
BRF:2
BRH:1
FNF:15
FNH:15
end_of_record
SF:C:\Projects\insurance-back-mc\MC.Insurance.DTO\ConnectionStrings.cs
FN:4,System.String MC.Insurance.DTO.ConnectionStrings::get_DefaultDatabase()
FNDA:0,System.String MC.Insurance.DTO.ConnectionStrings::get_DefaultDatabase()
DA:5,0
LF:1
LH:0
BRF:0
BRH:0
FNF:1
FNH:0
end_of_record
SF:C:\Projects\insurance-back-mc\MC.Insurance.DTO\Customer.cs
FN:6,System.String MC.Insurance.DTO.Customer::get_document()
FNDA:27,System.String MC.Insurance.DTO.Customer::get_document()
DA:7,27
FN:7,System.String MC.Insurance.DTO.Customer::get_name()
FNDA:27,System.String MC.Insurance.DTO.Customer::get_name()
DA:8,27
LF:2
LH:2
BRF:0
BRH:0
FNF:2
FNH:2
end_of_record
SF:C:\Projects\insurance-back-mc\MC.Insurance.DTO\CustomerInsurance.cs
FN:6,System.Int32 MC.Insurance.DTO.CustomerInsurance::get_customerInsuranceId()
FNDA:11,System.Int32 MC.Insurance.DTO.CustomerInsurance::get_customerInsuranceId()
DA:7,11
FN:7,System.String MC.Insurance.DTO.CustomerInsurance::get_document()
FNDA:12,System.String MC.Insurance.DTO.CustomerInsurance::get_document()
DA:8,12
FN:8,System.String MC.Insurance.DTO.CustomerInsurance::get_customerName()
FNDA:11,System.String MC.Insurance.DTO.CustomerInsurance::get_customerName()
DA:9,11
FN:11,System.Int32 MC.Insurance.DTO.CustomerInsurance::get_insuranceId()
FNDA:11,System.Int32 MC.Insurance.DTO.CustomerInsurance::get_insuranceId()
DA:12,11
FN:12,System.String MC.Insurance.DTO.CustomerInsurance::get_name()
FNDA:11,System.String MC.Insurance.DTO.CustomerInsurance::get_name()
DA:13,11
FN:13,System.String MC.Insurance.DTO.CustomerInsurance::get_description()
FNDA:11,System.String MC.Insurance.DTO.CustomerInsurance::get_description()
DA:14,11
FN:14,System.Int32 MC.Insurance.DTO.CustomerInsurance::get_type()
FNDA:11,System.Int32 MC.Insurance.DTO.CustomerInsurance::get_type()
DA:15,11
FN:15,System.String MC.Insurance.DTO.CustomerInsurance::get_coverage()
FNDA:11,System.String MC.Insurance.DTO.CustomerInsurance::get_coverage()
DA:16,11
FN:16,System.DateTime MC.Insurance.DTO.CustomerInsurance::get_start()
FNDA:12,System.DateTime MC.Insurance.DTO.CustomerInsurance::get_start()
DA:17,12
FN:17,System.Int32 MC.Insurance.DTO.CustomerInsurance::get_period()
FNDA:11,System.Int32 MC.Insurance.DTO.CustomerInsurance::get_period()
DA:18,11
FN:18,System.Single MC.Insurance.DTO.CustomerInsurance::get_price()
FNDA:11,System.Single MC.Insurance.DTO.CustomerInsurance::get_price()
DA:19,11
FN:19,System.Int32 MC.Insurance.DTO.CustomerInsurance::get_risk()
FNDA:11,System.Int32 MC.Insurance.DTO.CustomerInsurance::get_risk()
DA:20,11
LF:12
LH:12
BRF:0
BRH:0
FNF:12
FNH:12
end_of_record
SF:C:\Projects\insurance-back-mc\MC.Insurance.DTO\ErrorMessage.cs
FN:4,System.String MC.Insurance.DTO.ErrorMessage::get_resultCode()
FNDA:0,System.String MC.Insurance.DTO.ErrorMessage::get_resultCode()
DA:5,0
FN:5,System.String MC.Insurance.DTO.ErrorMessage::get_resultMsg()
FNDA:0,System.String MC.Insurance.DTO.ErrorMessage::get_resultMsg()
DA:6,0
LF:2
LH:0
BRF:0
BRH:0
FNF:2
FNH:0
end_of_record
SF:C:\Projects\insurance-back-mc\MC.Insurance.DTO\Insurance.cs
FN:6,System.Int32 MC.Insurance.DTO.Insurance::get_insuranceId()
FNDA:14,System.Int32 MC.Insurance.DTO.Insurance::get_insuranceId()
DA:7,14
FN:7,System.String MC.Insurance.DTO.Insurance::get_name()
FNDA:14,System.String MC.Insurance.DTO.Insurance::get_name()
DA:8,14
FN:8,System.String MC.Insurance.DTO.Insurance::get_description()
FNDA:13,System.String MC.Insurance.DTO.Insurance::get_description()
DA:9,13
FN:9,System.Int32 MC.Insurance.DTO.Insurance::get_type()
FNDA:13,System.Int32 MC.Insurance.DTO.Insurance::get_type()
DA:10,13
FN:10,System.String MC.Insurance.DTO.Insurance::get_coverage()
FNDA:15,System.String MC.Insurance.DTO.Insurance::get_coverage()
DA:11,15
FN:11,System.DateTime MC.Insurance.DTO.Insurance::get_start()
FNDA:13,System.DateTime MC.Insurance.DTO.Insurance::get_start()
DA:12,13
FN:12,System.Int32 MC.Insurance.DTO.Insurance::get_period()
FNDA:13,System.Int32 MC.Insurance.DTO.Insurance::get_period()
DA:13,13
FN:13,System.Single MC.Insurance.DTO.Insurance::get_price()
FNDA:13,System.Single MC.Insurance.DTO.Insurance::get_price()
DA:14,13
FN:14,System.Int32 MC.Insurance.DTO.Insurance::get_risk()
FNDA:15,System.Int32 MC.Insurance.DTO.Insurance::get_risk()
DA:15,15
LF:9
LH:9
BRF:0
BRH:0
FNF:9
FNH:9
end_of_record
SF:C:\Projects\insurance-back-mc\MC.Insurance.DTO\ListResponse.cs
FN:6,System.Collections.Generic.List`1<T> MC.Insurance.DTO.ListResponse`1::get_List()
FNDA:45,System.Collections.Generic.List`1<T> MC.Insurance.DTO.ListResponse`1::get_List()
DA:7,45
LF:1
LH:1
BRF:0
BRH:0
FNF:1
FNH:1
end_of_record
SF:C:\Projects\insurance-back-mc\MC.Insurance.DTO\Response.cs
FN:4,System.Int32 MC.Insurance.DTO.Response::get_StatusCode()
FNDA:14,System.Int32 MC.Insurance.DTO.Response::get_StatusCode()
DA:5,14
FN:5,System.Object MC.Insurance.DTO.Response::get_Body()
FNDA:13,System.Object MC.Insurance.DTO.Response::get_Body()
DA:6,13
LF:2
LH:2
BRF:0
BRH:0
FNF:2
FNH:2
end_of_record
SF:C:\Projects\insurance-back-mc\MC.Insurance.DTO\SplunkConfig.cs
FN:4,System.String MC.Insurance.DTO.SplunkConfig::get_Url()
FNDA:0,System.String MC.Insurance.DTO.SplunkConfig::get_Url()
DA:5,0
FN:5,System.String MC.Insurance.DTO.SplunkConfig::get_Token()
FNDA:0,System.String MC.Insurance.DTO.SplunkConfig::get_Token()
DA:6,0
LF:2
LH:0
BRF:0
BRH:0
FNF:2
FNH:0
end_of_record
SF:C:\Projects\insurance-back-mc\MC.Insurance.DTO\TbCustomer.cs
FN:7,System.Int32 MC.Insurance.DTO.TbCustomer::get_CustomerId()
FNDA:0,System.Int32 MC.Insurance.DTO.TbCustomer::get_CustomerId()
DA:8,0
FN:8,System.String MC.Insurance.DTO.TbCustomer::get_Document()
FNDA:0,System.String MC.Insurance.DTO.TbCustomer::get_Document()
DA:9,0
FN:9,System.String MC.Insurance.DTO.TbCustomer::get_CustomerName()
FNDA:0,System.String MC.Insurance.DTO.TbCustomer::get_CustomerName()
DA:10,0
LF:3
LH:0
BRF:0
BRH:0
FNF:3
FNH:0
end_of_record